<?xml version="1.0" encoding="UTF-8"?>
<!-- Generated by org.testng.reporters.JUnitXMLReporter -->
<testsuite hostname="LAPTOP-Q18VUQ5U" ignored="6" name="Default test" tests="2" failures="0" timestamp="31 Jul 2019 11:04:43 GMT" time="0.394" errors="0">
  <testcase name="test7" time="0.242" classname="org.com.automation.practise.pattern_programing"/>
  <testcase name="test8" time="0.108" classname="org.com.automation.practise.pattern_programing"/>
  <testcase name="test3" time="0.0" classname="org.com.automation.practise.pattern_programing">
    <ignored/>
  </testcase> <!-- test3 -->
  <testcase name="test4" time="0.0" classname="org.com.automation.practise.pattern_programing">
    <ignored/>
  </testcase> <!-- test4 -->
  <testcase name="test1" time="0.0" classname="org.com.automation.practise.pattern_programing">
    <ignored/>
  </testcase> <!-- test1 -->
  <testcase name="test2" time="0.0" classname="org.com.automation.practise.pattern_programing">
    <ignored/>
  </testcase> <!-- test2 -->
  <testcase name="test5" time="0.0" classname="org.com.automation.practise.pattern_programing">
    <ignored/>
  </testcase> <!-- test5 -->
  <testcase name="test6" time="0.0" classname="org.com.automation.practise.pattern_programing">
    <ignored/>
  </testcase> <!-- test6 -->
</testsuite> <!-- Default test -->
