<?xml version="1.0" encoding="UTF-8"?>
<!-- Generated by org.testng.reporters.JUnitXMLReporter -->
<testsuite hostname="LAPTOP-Q18VUQ5U" ignored="0" name="Test" tests="1" failures="1" timestamp="01 Jul 2019 15:17:56 GMT" time="0.529" errors="0">
  <testcase name="test1" time="0.015" classname="tests.Test132">
    <failure type="java.lang.AssertionError" message="null">
      <![CDATA[java.lang.AssertionError: null
at tests.Test132.test1(Test132.java:19)
... Removed 27 stack frames]]>
    </failure>
  </testcase> <!-- test1 -->
</testsuite> <!-- Test -->
