<?xml version="1.0" encoding="UTF-8"?>
<testng-results skipped="0" failed="0" ignored="50" total="52" passed="2">
  <reporter-output>
  </reporter-output>
  <suite name="Sagar ji ka Suite" duration-ms="90211" started-at="2019-07-29T05:34:45Z" finished-at="2019-07-29T05:36:15Z">
    <groups>
    </groups>
    <test name="Test-2" duration-ms="85813" started-at="2019-07-29T05:34:45Z" finished-at="2019-07-29T05:36:10Z">
      <class name="org.com.automation.practise.AllNewLogics">
        <test-method status="PASS" signature="test24(java.lang.String, java.lang.String)[pri:0, instance:org.com.automation.practise.AllNewLogics@75881071]" name="test24" duration-ms="85750" started-at="2019-07-29T05:34:45Z" finished-at="2019-07-29T05:36:10Z">
          <params>
            <param index="0">
              <value>
                <![CDATA[https://stag-5-cmo-1.convirza.com/]]>
              </value>
            </param>
            <param index="1">
              <value>
                <![CDATA[chrome]]>
              </value>
            </param>
          </params>
          <reporter-output>
          </reporter-output>
        </test-method> <!-- test24 -->
      </class> <!-- org.com.automation.practise.AllNewLogics -->
    </test> <!-- Test-2 -->
    <test name="Test-1" duration-ms="90211" started-at="2019-07-29T05:34:45Z" finished-at="2019-07-29T05:36:15Z">
      <class name="org.com.automation.practise.AllNewLogics">
        <test-method status="PASS" signature="test24(java.lang.String, java.lang.String)[pri:0, instance:org.com.automation.practise.AllNewLogics@11758f2a]" name="test24" duration-ms="90159" started-at="2019-07-29T05:34:45Z" finished-at="2019-07-29T05:36:15Z">
          <params>
            <param index="0">
              <value>
                <![CDATA[https://stag-5-cmo-1.convirza.com/]]>
              </value>
            </param>
            <param index="1">
              <value>
                <![CDATA[firefox]]>
              </value>
            </param>
          </params>
          <reporter-output>
          </reporter-output>
        </test-method> <!-- test24 -->
      </class> <!-- org.com.automation.practise.AllNewLogics -->
    </test> <!-- Test-1 -->
  </suite> <!-- Sagar ji ka Suite -->
</testng-results>
