<?xml version="1.0" encoding="UTF-8"?>
<testng-results skipped="0" failed="0" ignored="52" total="54" passed="2">
  <reporter-output>
  </reporter-output>
  <suite name="Sagar ji ka Suite" duration-ms="63928" started-at="2019-07-30T15:15:03Z" finished-at="2019-07-30T15:16:07Z">
    <groups>
    </groups>
    <test name="chrome test" duration-ms="32353" started-at="2019-07-30T15:15:03Z" finished-at="2019-07-30T15:15:36Z">
      <class name="org.com.automation.practise.AllNewLogics">
        <test-method status="PASS" signature="test24(java.lang.String, java.lang.String)[pri:0, instance:org.com.automation.practise.AllNewLogics@75881071]" name="test24" duration-ms="32298" started-at="2019-07-30T15:15:03Z" finished-at="2019-07-30T15:15:36Z">
          <params>
            <param index="0">
              <value>
                <![CDATA[https://stag-5-cmo-1.convirza.com/]]>
              </value>
            </param>
            <param index="1">
              <value>
                <![CDATA[chrome]]>
              </value>
            </param>
          </params>
          <reporter-output>
          </reporter-output>
        </test-method> <!-- test24 -->
      </class> <!-- org.com.automation.practise.AllNewLogics -->
    </test> <!-- chrome test -->
    <test name="firefox test" duration-ms="63928" started-at="2019-07-30T15:15:03Z" finished-at="2019-07-30T15:16:07Z">
      <class name="org.com.automation.practise.AllNewLogics">
        <test-method status="PASS" signature="test24(java.lang.String, java.lang.String)[pri:0, instance:org.com.automation.practise.AllNewLogics@11758f2a]" name="test24" duration-ms="63892" started-at="2019-07-30T15:15:03Z" finished-at="2019-07-30T15:16:07Z">
          <params>
            <param index="0">
              <value>
                <![CDATA[https://stag-5-cmo-1.convirza.com/]]>
              </value>
            </param>
            <param index="1">
              <value>
                <![CDATA[firefox]]>
              </value>
            </param>
          </params>
          <reporter-output>
          </reporter-output>
        </test-method> <!-- test24 -->
      </class> <!-- org.com.automation.practise.AllNewLogics -->
    </test> <!-- firefox test -->
  </suite> <!-- Sagar ji ka Suite -->
</testng-results>
