<?xml version="1.0" encoding="UTF-8"?>
<!-- Generated by org.testng.reporters.JUnitXMLReporter -->
<testsuite hostname="LAPTOP-Q18VUQ5U" ignored="21" name="chrome test" tests="1" failures="0" timestamp="06 Aug 2019 16:02:02 GMT" time="28.485" errors="0">
  <testcase name="test24" time="28.45" classname="org.com.automation.practise.AllNewLogics"/>
  <testcase name="test20" time="0.0" classname="org.com.automation.practise.AllNewLogics">
    <ignored/>
  </testcase> <!-- test20 -->
  <testcase name="test19" time="0.0" classname="org.com.automation.practise.AllNewLogics">
    <ignored/>
  </testcase> <!-- test19 -->
  <testcase name="test18" time="0.0" classname="org.com.automation.practise.AllNewLogics">
    <ignored/>
  </testcase> <!-- test18 -->
  <testcase name="test1" time="0.0" classname="org.com.automation.practise.AllNewLogics">
    <ignored/>
  </testcase> <!-- test1 -->
  <testcase name="test15" time="0.0" classname="org.com.automation.practise.AllNewLogics">
    <ignored/>
  </testcase> <!-- test15 -->
  <testcase name="test25" time="0.0" classname="org.com.automation.practise.AllNewLogics">
    <ignored/>
  </testcase> <!-- test25 -->
  <testcase name="test14" time="0.0" classname="org.com.automation.practise.AllNewLogics">
    <ignored/>
  </testcase> <!-- test14 -->
  <testcase name="test16" time="0.0" classname="org.com.automation.practise.AllNewLogics">
    <ignored/>
  </testcase> <!-- test16 -->
  <testcase name="test22" time="0.0" classname="org.com.automation.practise.AllNewLogics">
    <ignored/>
  </testcase> <!-- test22 -->
  <testcase name="test21" time="0.0" classname="org.com.automation.practise.AllNewLogics">
    <ignored/>
  </testcase> <!-- test21 -->
  <testcase name="test24" time="0.0" classname="org.com.automation.practise.AllNewLogics">
    <ignored/>
  </testcase> <!-- test24 -->
  <testcase name="test13" time="0.0" classname="org.com.automation.practise.AllNewLogics">
    <ignored/>
  </testcase> <!-- test13 -->
  <testcase name="test23" time="0.0" classname="org.com.automation.practise.AllNewLogics">
    <ignored/>
  </testcase> <!-- test23 -->
  <testcase name="make_get_request" time="0.0" classname="org.com.automation.practise.AllNewLogics">
    <ignored/>
  </testcase> <!-- make_get_request -->
  <testcase name="test2" time="0.0" classname="org.com.automation.practise.AllNewLogics">
    <ignored/>
  </testcase> <!-- test2 -->
  <testcase name="test3" time="0.0" classname="org.com.automation.practise.AllNewLogics">
    <ignored/>
  </testcase> <!-- test3 -->
  <testcase name="test4" time="0.0" classname="org.com.automation.practise.AllNewLogics">
    <ignored/>
  </testcase> <!-- test4 -->
  <testcase name="square" time="0.0" classname="org.com.automation.practise.AllNewLogics">
    <ignored/>
  </testcase> <!-- square -->
  <testcase name="test17" time="0.0" classname="org.com.automation.practise.AllNewLogics">
    <ignored/>
  </testcase> <!-- test17 -->
  <testcase name="test5" time="0.0" classname="org.com.automation.practise.AllNewLogics">
    <ignored/>
  </testcase> <!-- test5 -->
  <testcase name="test6" time="0.0" classname="org.com.automation.practise.AllNewLogics">
    <ignored/>
  </testcase> <!-- test6 -->
</testsuite> <!-- chrome test -->
