<?xml version="1.0" encoding="UTF-8"?>
<!-- Generated by org.testng.reporters.JUnitXMLReporter -->
<testsuite hostname="LAPTOP-Q18VUQ5U" ignored="21" name="firefox test" tests="2" failures="1" timestamp="15 Aug 2019 17:26:56 GMT" time="353.523" errors="0">
  <testcase name="test24" time="0.047" classname="org.com.automation.practise.AllNewLogics"/>
  <testcase name="test24" time="353.401" classname="org.com.automation.practise.AllNewLogics">
    <failure type="org.openqa.selenium.TimeoutException" message="Timeout loading page after 300000ms
Build info: version: &amp;apos;3.11.0&amp;apos;, revision: &amp;apos;e59cfb3&amp;apos;, time: &amp;apos;2018-03-11T20:26:55.152Z&amp;apos;
System info: host: &amp;apos;LAPTOP-Q18VUQ5U&amp;apos;, ip: &amp;apos;192.168.205.1&amp;apos;, os.name: &amp;apos;Windows 10&amp;apos;, os.arch: &amp;apos;amd64&amp;apos;, os.version: &amp;apos;10.0&amp;apos;, java.version: &amp;apos;1.8.0_201&amp;apos;
Driver info: org.openqa.selenium.firefox.FirefoxDriver
Capabilities {acceptInsecureCerts: true, browserName: firefox, browserVersion: 59.0.1, javascriptEnabled: true, moz:accessibilityChecks: false, moz:geckodriverVersion: 0.23.0, moz:headless: false, moz:processID: 3080, moz:profile: C:\Users\Preeti Kotnis\AppD..., moz:useNonSpecCompliantPointerOrigin: false, moz:webdriverClick: true, pageLoadStrategy: normal, platform: XP, platformName: XP, platformVersion: 10.0, rotatable: false, timeouts: {implicit: 0, pageLoad: 300000, script: 30000}}
Session ID: 40c36794-2bf6-4b4c-9cdb-6ed31245f4a1">
      <![CDATA[org.openqa.selenium.TimeoutException: Timeout loading page after 300000ms
Build info: version: '3.11.0', revision: 'e59cfb3', time: '2018-03-11T20:26:55.152Z'
System info: host: 'LAPTOP-Q18VUQ5U', ip: '192.168.205.1', os.name: 'Windows 10', os.arch: 'amd64', os.version: '10.0', java.version: '1.8.0_201'
Driver info: org.openqa.selenium.firefox.FirefoxDriver
Capabilities {acceptInsecureCerts: true, browserName: firefox, browserVersion: 59.0.1, javascriptEnabled: true, moz:accessibilityChecks: false, moz:geckodriverVersion: 0.23.0, moz:headless: false, moz:processID: 3080, moz:profile: C:\Users\Preeti Kotnis\AppD..., moz:useNonSpecCompliantPointerOrigin: false, moz:webdriverClick: true, pageLoadStrategy: normal, platform: XP, platformName: XP, platformVersion: 10.0, rotatable: false, timeouts: {implicit: 0, pageLoad: 300000, script: 30000}}
Session ID: 40c36794-2bf6-4b4c-9cdb-6ed31245f4a1
at org.openqa.selenium.remote.http.W3CHttpResponseCodec.createException(W3CHttpResponseCodec.java:187)
at org.openqa.selenium.remote.http.W3CHttpResponseCodec.decode(W3CHttpResponseCodec.java:122)
at org.openqa.selenium.remote.http.W3CHttpResponseCodec.decode(W3CHttpResponseCodec.java:49)
at org.openqa.selenium.remote.HttpCommandExecutor.execute(HttpCommandExecutor.java:158)
at org.openqa.selenium.remote.service.DriverCommandExecutor.execute(DriverCommandExecutor.java:83)
at org.openqa.selenium.remote.RemoteWebDriver.execute(RemoteWebDriver.java:545)
at org.openqa.selenium.remote.RemoteWebDriver.get(RemoteWebDriver.java:273)
at org.com.automation.practise.AllNewLogics.test24(AllNewLogics.java:737)
at java.util.concurrent.FutureTask.run(Unknown Source)
at java.util.concurrent.ThreadPoolExecutor.runWorker(Unknown Source)
at java.util.concurrent.ThreadPoolExecutor$Worker.run(Unknown Source)
at java.lang.Thread.run(Unknown Source)
... Removed 20 stack frames]]>
    </failure>
  </testcase> <!-- test24 -->
  <testcase name="test20" time="0.0" classname="org.com.automation.practise.AllNewLogics">
    <ignored/>
  </testcase> <!-- test20 -->
  <testcase name="test19" time="0.0" classname="org.com.automation.practise.AllNewLogics">
    <ignored/>
  </testcase> <!-- test19 -->
  <testcase name="test18" time="0.0" classname="org.com.automation.practise.AllNewLogics">
    <ignored/>
  </testcase> <!-- test18 -->
  <testcase name="test1" time="0.0" classname="org.com.automation.practise.AllNewLogics">
    <ignored/>
  </testcase> <!-- test1 -->
  <testcase name="test15" time="0.0" classname="org.com.automation.practise.AllNewLogics">
    <ignored/>
  </testcase> <!-- test15 -->
  <testcase name="test25" time="0.0" classname="org.com.automation.practise.AllNewLogics">
    <ignored/>
  </testcase> <!-- test25 -->
  <testcase name="test25" time="0.0" classname="org.com.automation.practise.AllNewLogics">
    <ignored/>
  </testcase> <!-- test25 -->
  <testcase name="test14" time="0.0" classname="org.com.automation.practise.AllNewLogics">
    <ignored/>
  </testcase> <!-- test14 -->
  <testcase name="test16" time="0.0" classname="org.com.automation.practise.AllNewLogics">
    <ignored/>
  </testcase> <!-- test16 -->
  <testcase name="test22" time="0.0" classname="org.com.automation.practise.AllNewLogics">
    <ignored/>
  </testcase> <!-- test22 -->
  <testcase name="test21" time="0.0" classname="org.com.automation.practise.AllNewLogics">
    <ignored/>
  </testcase> <!-- test21 -->
  <testcase name="test13" time="0.0" classname="org.com.automation.practise.AllNewLogics">
    <ignored/>
  </testcase> <!-- test13 -->
  <testcase name="test23" time="0.0" classname="org.com.automation.practise.AllNewLogics">
    <ignored/>
  </testcase> <!-- test23 -->
  <testcase name="make_get_request" time="0.0" classname="org.com.automation.practise.AllNewLogics">
    <ignored/>
  </testcase> <!-- make_get_request -->
  <testcase name="test2" time="0.0" classname="org.com.automation.practise.AllNewLogics">
    <ignored/>
  </testcase> <!-- test2 -->
  <testcase name="test3" time="0.0" classname="org.com.automation.practise.AllNewLogics">
    <ignored/>
  </testcase> <!-- test3 -->
  <testcase name="test4" time="0.0" classname="org.com.automation.practise.AllNewLogics">
    <ignored/>
  </testcase> <!-- test4 -->
  <testcase name="square" time="0.0" classname="org.com.automation.practise.AllNewLogics">
    <ignored/>
  </testcase> <!-- square -->
  <testcase name="test17" time="0.0" classname="org.com.automation.practise.AllNewLogics">
    <ignored/>
  </testcase> <!-- test17 -->
  <testcase name="test5" time="0.0" classname="org.com.automation.practise.AllNewLogics">
    <ignored/>
  </testcase> <!-- test5 -->
  <testcase name="test6" time="0.0" classname="org.com.automation.practise.AllNewLogics">
    <ignored/>
  </testcase> <!-- test6 -->
</testsuite> <!-- firefox test -->
